\BOOKMARK [1][-]{section.1}{\376\377\000D\000e\000s\000c\000r\000i\000p\000c\000i\000\363\000n\000\040\000d\000e\000l\000\040\000p\000r\000o\000y\000e\000c\000t\000o}{}% 1
\BOOKMARK [1][-]{section.2}{\376\377\000D\000e\000f\000i\000n\000i\000c\000i\000\363\000n\000\040\000d\000e\000\040\000l\000a\000\040\000c\000a\000r\000g\000a\000\040\000v\000i\000v\000a}{}% 2
\BOOKMARK [1][-]{section.3}{\376\377\000E\000v\000a\000l\000u\000a\000c\000i\000\363\000n\000\040\000d\000e\000\040\000l\000a\000s\000\040\000c\000a\000r\000g\000a\000s\000\040\000m\000u\000e\000r\000t\000a\000s}{}% 3
\BOOKMARK [2][-]{subsection.3.1}{\376\377\000E\000v\000a\000l\000u\000a\000c\000i\000\363\000n\000\040\000c\000a\000r\000g\000a\000\040\000m\000u\000e\000r\000t\000a\000\040\000p\000i\000s\000o\000\040\000t\000i\000p\000o}{section.3}% 4
\BOOKMARK [2][-]{subsection.3.2}{\376\377\000E\000v\000a\000l\000u\000a\000c\000i\000\363\000n\000\040\000c\000a\000r\000g\000a\000\040\000m\000u\000e\000r\000t\000a\000\040\000d\000e\000\040\000c\000u\000b\000i\000e\000r\000t\000a}{section.3}% 5
\BOOKMARK [2][-]{subsection.3.3}{\376\377\000E\000v\000a\000l\000u\000a\000c\000i\000\363\000n\000\040\000d\000e\000\040\000c\000a\000r\000g\000a\000s\000\040\000d\000e\000\040\000l\000a\000\040\000e\000s\000c\000a\000l\000e\000r\000a}{section.3}% 6
\BOOKMARK [2][-]{subsection.3.4}{\376\377\000E\000v\000a\000l\000u\000a\000c\000i\000\363\000n\000\040\000d\000e\000\040\000c\000a\000r\000g\000a\000s\000\040\000d\000e\000\040\000l\000a\000\040\000l\000o\000s\000a\000\040\000d\000e\000l\000\040\000a\000s\000c\000e\000n\000s\000o\000r}{section.3}% 7
\BOOKMARK [2][-]{subsection.3.5}{\376\377\000P\000e\000s\000o\000\040\000d\000e\000l\000\040\000p\000i\000s\000o\000\040\000t\000i\000p\000o}{section.3}% 8
\BOOKMARK [2][-]{subsection.3.6}{\376\377\000P\000e\000s\000o\000\040\000d\000e\000\040\000l\000a\000\040\000c\000u\000b\000i\000e\000r\000t\000a}{section.3}% 9
\BOOKMARK [2][-]{subsection.3.7}{\376\377\000R\000e\000s\000u\000m\000e\000n\000\040\000p\000e\000s\000o\000\040\000d\000e\000l\000\040\000e\000d\000i\000f\000i\000c\000i\000o\000\040\000p\000o\000r\000\040\000p\000i\000s\000o\000s\000\040\000y\000\040\000p\000e\000s\000o\000\040\000t\000o\000t\000a\000l}{section.3}% 10
\BOOKMARK [1][-]{section.4}{\376\377\000E\000v\000a\000l\000u\000a\000c\000i\000\363\000n\000\040\000d\000e\000\040\000f\000u\000e\000r\000z\000a\000s\000\040\000s\000\355\000s\000m\000i\000c\000a\000s}{}% 11
\BOOKMARK [2][-]{subsection.4.1}{\376\377\000A\000m\000e\000n\000a\000z\000a\000\040\000s\000\355\000s\000m\000i\000c\000a\000\040\000A\000a\000,\000\040\000A\000v}{section.4}% 12
\BOOKMARK [2][-]{subsection.4.2}{\376\377\000M\000i\000c\000r\000o\000\040\000Z\000o\000n\000i\000f\000i\000c\000a\000c\000i\000\363\000n\000\040\000S\000\355\000s\000m\000i\000c\000a\000\040\000d\000e\000\040\000B\000o\000g\000o\000t\000\341}{section.4}% 13
\BOOKMARK [2][-]{subsection.4.3}{\376\377\000G\000r\000u\000p\000o\000\040\000d\000e\000\040\000u\000s\000o\000.\000\040\000C\000o\000e\000f\000i\000c\000i\000e\000n\000t\000e\000\040\000d\000e\000\040\000i\000m\000p\000o\000r\000t\000a\000n\000c\000i\000a}{section.4}% 14
\BOOKMARK [2][-]{subsection.4.4}{\376\377\000P\000e\000r\000i\000o\000d\000o\000\040\000d\000e\000\040\000v\000i\000b\000r\000a\000c\000i\000\363\000n}{section.4}% 15
\BOOKMARK [2][-]{subsection.4.5}{\376\377\000E\000s\000p\000e\000c\000t\000r\000o\000\040\000d\000e\000\040\000d\000i\000s\000e\000\361\000o\000\040\000y\000\040\000S\000a}{section.4}% 16
\BOOKMARK [2][-]{subsection.4.6}{\376\377\000C\000o\000r\000t\000a\000n\000t\000e\000\040\000e\000n\000\040\000l\000a\000\040\000b\000a\000s\000e}{section.4}% 17
\BOOKMARK [2][-]{subsection.4.7}{\376\377\000D\000i\000s\000t\000r\000i\000b\000u\000c\000i\000\363\000n\000\040\000v\000e\000r\000t\000i\000c\000a\000l\000\040\000d\000e\000\040\000l\000a\000\040\000f\000u\000e\000r\000z\000a\000\040\000s\000\355\000s\000m\000i\000c\000a}{section.4}% 18
\BOOKMARK [2][-]{subsection.4.8}{\376\377\000T\000o\000r\000s\000i\000\363\000n\000\040\000a\000c\000c\000i\000d\000e\000n\000t\000a\000l}{section.4}% 19
\BOOKMARK [2][-]{subsection.4.9}{\376\377\000I\000r\000r\000e\000g\000u\000l\000a\000r\000i\000d\000a\000d\000e\000s\000\040\000e\000n\000\040\000p\000l\000a\000n\000t\000a\000,\000\040\000a\000l\000t\000u\000r\000a\000\040\000y\000\040\000p\000o\000r\000\040\000a\000u\000s\000e\000n\000c\000i\000a\000\040\000d\000e\000\040\000r\000e\000d\000u\000n\000d\000a\000n\000c\000i\000a}{section.4}% 20
\BOOKMARK [3][-]{subsubsection.4.9.1}{\376\377\000I\000r\000r\000e\000g\000u\000l\000a\000r\000i\000d\000a\000d\000e\000s\000\040\000e\000n\000\040\000p\000l\000a\000n\000t\000a}{subsection.4.9}% 21
\BOOKMARK [3][-]{subsubsection.4.9.2}{\376\377\000I\000r\000r\000e\000g\000u\000l\000a\000r\000i\000d\000a\000d\000e\000s\000\040\000e\000n\000\040\000l\000a\000\040\000a\000l\000t\000u\000r\000a}{subsection.4.9}% 22
\BOOKMARK [3][-]{subsubsection.4.9.3}{\376\377\000I\000r\000r\000e\000g\000u\000l\000a\000r\000i\000d\000a\000d\000e\000s\000\040\000p\000o\000r\000\040\000a\000u\000s\000e\000n\000c\000i\000a\000\040\000d\000e\000\040\000r\000e\000d\000u\000n\000d\000a\000n\000c\000i\000a}{subsection.4.9}% 23
\BOOKMARK [2][-]{subsection.4.10}{\376\377\000C\000o\000e\000f\000i\000c\000i\000e\000n\000t\000e\000\040\000d\000e\000\040\000c\000a\000p\000a\000c\000i\000d\000a\000d\000\040\000d\000e\000\040\000d\000i\000s\000i\000p\000a\000c\000i\000\363\000n\000\040\000d\000e\000\040\000e\000n\000e\000r\000g\000\355\000a\000,\000\040\000R\0000}{section.4}% 24
\BOOKMARK [2][-]{subsection.4.11}{\376\377\000C\000a\000p\000a\000c\000i\000d\000a\000d\000\040\000d\000e\000\040\000d\000i\000s\000i\000p\000a\000c\000i\000\363\000n\000\040\000d\000e\000\040\000e\000n\000e\000r\000g\000\355\000a\000\040\000R}{section.4}% 25
\BOOKMARK [2][-]{subsection.4.12}{\376\377\000C\000\341\000l\000c\000u\000l\000o\000\040\000d\000e\000l\000\040\000p\000e\000r\000\355\000o\000d\000o\000\040\000r\000e\000a\000l\000\040\000d\000e\000\040\000l\000a\000\040\000e\000s\000t\000r\000u\000c\000t\000u\000r\000a}{section.4}% 26
\BOOKMARK [1][-]{section.5}{\376\377\000C\000o\000n\000t\000r\000o\000l\000\040\000d\000e\000\040\000l\000a\000\040\000d\000e\000r\000i\000v\000a}{}% 27
\BOOKMARK [2][-]{subsection.5.1}{\376\377\000C\000o\000m\000b\000i\000n\000a\000c\000i\000o\000n\000e\000s\000\040\000d\000e\000\040\000c\000a\000r\000g\000a\000\040\000p\000a\000r\000a\000\040\000v\000e\000r\000i\000f\000i\000c\000a\000c\000i\000\363\000n\000\040\000d\000e\000\040\000d\000e\000r\000i\000v\000a\000s}{section.5}% 28
\BOOKMARK [2][-]{subsection.5.2}{\376\377\000V\000e\000r\000i\000f\000i\000c\000a\000c\000i\000\363\000n\000\040\000d\000e\000\040\000d\000e\000r\000i\000v\000a\000s}{section.5}% 29
\BOOKMARK [1][-]{section.6}{\376\377\000C\000a\000r\000g\000a\000s\000\040\000m\000u\000e\000r\000t\000a\000s\000\040\000y\000\040\000v\000i\000v\000a\000s\000\040\000a\000p\000l\000i\000c\000a\000d\000a\000s\000\040\000e\000n\000\040\000l\000o\000s\000\040\000p\000\363\000r\000t\000i\000c\000o\000s}{}% 30
\BOOKMARK [2][-]{subsection.6.1}{\376\377\000C\000a\000r\000g\000a\000\040\000m\000u\000e\000r\000t\000a}{section.6}% 31
\BOOKMARK [2][-]{subsection.6.2}{\376\377\000C\000a\000r\000g\000a\000\040\000v\000i\000v\000a}{section.6}% 32
\BOOKMARK [1][-]{section.7}{\376\377\000A\000n\000\341\000l\000i\000s\000i\000s\000\040\000y\000\040\000d\000i\000s\000e\000\361\000o\000\040\000d\000e\000\040\000v\000i\000g\000u\000e\000t\000a\000s}{}% 33
\BOOKMARK [2][-]{subsection.7.1}{\376\377\000C\000a\000r\000g\000a\000\040\000m\000u\000e\000r\000t\000a\000\040\000y\000\040\000v\000i\000v\000a\000.\000\040\000C\000a\000r\000g\000a\000\040\000m\000a\000y\000o\000r\000a\000d\000a}{section.7}% 34
\BOOKMARK [2][-]{subsection.7.2}{\376\377\000D\000i\000a\000g\000r\000a\000m\000a\000s\000\040\000d\000e\000\040\000c\000a\000r\000g\000a\000,\000\040\000c\000o\000r\000t\000a\000n\000t\000e\000\040\000y\000\040\000m\000o\000m\000e\000n\000t\000o\000\040\000d\000e\000\040\000l\000a\000s\000\040\000v\000i\000g\000u\000e\000t\000a\000s}{section.7}% 35
\BOOKMARK [3][-]{subsubsection.7.2.1}{\376\377\000V\000i\000g\000u\000e\000t\000a\000s\000\040\000p\000i\000s\000o\000\040\000t\000i\000p\000o}{subsection.7.2}% 36
\BOOKMARK [3][-]{subsubsection.7.2.2}{\376\377\000V\000i\000g\000u\000e\000t\000a\000s\000\040\000c\000u\000b\000i\000e\000r\000t\000a}{subsection.7.2}% 37
\BOOKMARK [3][-]{subsubsection.7.2.3}{\376\377\000V\000i\000g\000a\000s\000\040\000a\000u\000x\000i\000l\000i\000a\000r\000e\000s}{subsection.7.2}% 38
\BOOKMARK [3][-]{subsubsection.7.2.4}{\376\377\000V\000i\000g\000a\000s\000\040\000a\000u\000x\000i\000l\000i\000a\000r\000e\000s\000\040\000p\000i\000s\000o\000\040\000t\000i\000p\000o}{subsection.7.2}% 39
\BOOKMARK [3][-]{subsubsection.7.2.5}{\376\377\000V\000i\000g\000a\000s\000\040\000a\000u\000x\000i\000l\000i\000a\000r\000e\000s\000\040\000c\000u\000b\000i\000e\000r\000t\000a}{subsection.7.2}% 40
\BOOKMARK [2][-]{subsection.7.3}{\376\377\000D\000i\000s\000e\000\361\000o\000\040\000a\000\040\000c\000o\000r\000t\000a\000n\000t\000e\000\040\000y\000\040\000d\000i\000s\000e\000\361\000o\000\040\000a\000\040\000f\000l\000e\000x\000i\000\363\000n}{section.7}% 41
\BOOKMARK [3][-]{subsubsection.7.3.1}{\376\377\000D\000i\000s\000e\000\361\000o\000\040\000a\000\040\000a\000\040\000f\000l\000e\000x\000i\000\363\000n\000\040\000d\000e\000\040\000v\000i\000g\000u\000e\000t\000a\000s}{subsection.7.3}% 42
\BOOKMARK [3][-]{subsubsection.7.3.2}{\376\377\000D\000i\000s\000e\000\361\000o\000\040\000a\000\040\000c\000o\000r\000t\000a\000n\000t\000e\000\040\000d\000e\000\040\000v\000i\000g\000u\000e\000t\000a\000s}{subsection.7.3}% 43
\BOOKMARK [3][-]{subsubsection.7.3.3}{\376\377\000D\000i\000s\000e\000\361\000o\000\040\000a\000\040\000a\000\040\000f\000l\000e\000x\000i\000\363\000n\000\040\000d\000e\000\040\000v\000i\000g\000a\000s\000\040\000a\000u\000x\000i\000l\000i\000a\000r\000e\000s}{subsection.7.3}% 44
\BOOKMARK [3][-]{subsubsection.7.3.4}{\376\377\000D\000i\000s\000e\000\361\000o\000\040\000a\000\040\000c\000o\000r\000t\000a\000n\000t\000e\000\040\000d\000e\000\040\000v\000i\000g\000a\000s\000\040\000a\000u\000x\000i\000l\000i\000a\000r\000e\000s}{subsection.7.3}% 45
\BOOKMARK [1][-]{section.8}{\376\377\000A\000n\000\341\000l\000i\000s\000i\000s\000\040\000y\000\040\000d\000i\000s\000e\000\361\000o\000\040\000d\000e\000\040\000l\000a\000\040\000e\000s\000c\000a\000l\000e\000r\000a}{}% 46
\BOOKMARK [2][-]{subsection.8.1}{\376\377\000L\000o\000s\000a\000\040\000a\000s\000c\000e\000n\000s\000o\000r}{section.8}% 47
\BOOKMARK [1][-]{section.9}{\376\377\000A\000n\000\341\000l\000i\000s\000i\000s\000\040\000e\000s\000t\000r\000u\000c\000t\000u\000r\000a\000l\000\040\000p\000a\000r\000a\000\040\000d\000i\000s\000e\000\361\000o}{}% 48
\BOOKMARK [2][-]{subsection.9.1}{\376\377\000C\000o\000m\000b\000i\000n\000a\000c\000i\000o\000n\000e\000s\000\040\000d\000e\000\040\000c\000a\000r\000g\000a\000\040\000p\000a\000r\000a\000\040\000d\000i\000s\000e\000\361\000o}{section.9}% 49
\BOOKMARK [3][-]{subsubsection.9.1.1}{\376\377\000C\000o\000m\000b\000i\000n\000a\000c\000i\000o\000n\000e\000s\000\040\000d\000e\000\040\000c\000a\000r\000g\000a\000\040\000p\000a\000r\000a\000\040\000e\000l\000\040\000d\000i\000s\000e\000\361\000o\000\040\000d\000e\000\040\000v\000i\000g\000a\000s}{subsection.9.1}% 50
\BOOKMARK [3][-]{subsubsection.9.1.2}{\376\377\000C\000o\000m\000b\000i\000n\000a\000c\000i\000o\000n\000e\000s\000\040\000d\000e\000\040\000c\000a\000r\000g\000a\000\040\000p\000a\000r\000a\000\040\000e\000l\000\040\000d\000i\000s\000e\000\361\000o\000\040\000d\000e\000\040\000c\000o\000l\000u\000m\000n\000a\000s}{subsection.9.1}% 51
\BOOKMARK [1][-]{section.10}{\376\377\000D\000i\000s\000e\000\361\000o\000\040\000d\000e\000\040\000v\000i\000g\000a\000s}{}% 52
\BOOKMARK [2][-]{subsection.10.1}{\376\377\000D\000i\000s\000e\000\361\000o\000\040\000a\000\040\000f\000l\000e\000x\000i\000\363\000n}{section.10}% 53
\BOOKMARK [2][-]{subsection.10.2}{\376\377\000D\000i\000s\000e\000\361\000o\000\040\000a\000\040\000c\000o\000r\000t\000a\000n\000t\000e}{section.10}% 54
\BOOKMARK [1][-]{section.11}{\376\377\000D\000i\000s\000e\000\361\000o\000\040\000d\000e\000\040\000c\000o\000l\000u\000m\000n\000a\000s}{}% 55
\BOOKMARK [2][-]{subsection.11.1}{\376\377\000D\000i\000s\000e\000\361\000o\000\040\000a\000\040\000c\000o\000r\000t\000a\000n\000t\000e}{section.11}% 56
\BOOKMARK [1][-]{section.12}{\376\377\000D\000i\000s\000e\000\361\000o\000\040\000d\000e\000\040\000Z\000a\000p\000a\000t\000a\000s}{}% 57
\BOOKMARK [2][-]{subsection.12.1}{\376\377\000C\000o\000r\000t\000a\000n\000t\000e\000\040\000e\000n\000\040\000d\000o\000s\000\040\000d\000i\000r\000e\000c\000c\000i\000o\000n\000e\000s}{section.12}% 58
\BOOKMARK [2][-]{subsection.12.2}{\376\377\000C\000o\000r\000t\000a\000n\000t\000e\000\040\000c\000o\000m\000o\000\040\000v\000i\000g\000a}{section.12}% 59
\BOOKMARK [2][-]{subsection.12.3}{\376\377\000D\000i\000s\000e\000\361\000o\000\040\000a\000\040\000f\000l\000e\000x\000i\000\363\000n}{section.12}% 60
\BOOKMARK [1][-]{section.13}{\376\377\000V\000i\000g\000a\000\040\000d\000e\000\040\000a\000m\000a\000r\000r\000e}{}% 61
\BOOKMARK [2][-]{subsection.13.1}{\376\377\000C\000r\000i\000t\000e\000r\000i\000o\000\040\000d\000e\000\040\000a\000m\000a\000r\000r\000e\000\040\000s\000\355\000s\000m\000i\000c\000o}{section.13}% 62
\BOOKMARK [2][-]{subsection.13.2}{\376\377\000C\000o\000n\000t\000r\000o\000l\000\040\000d\000e\000\040\000a\000s\000e\000n\000t\000a\000m\000i\000e\000n\000t\000o\000s\000\040\000d\000i\000f\000e\000r\000e\000n\000c\000i\000a\000l\000e\000s}{section.13}% 63
\BOOKMARK [3][-]{subsubsection.13.2.1}{\376\377\000D\000i\000s\000e\000\361\000o\000\040\000a\000\040\000f\000l\000e\000x\000i\000\363\000n}{subsection.13.2}% 64
\BOOKMARK [3][-]{subsubsection.13.2.2}{\376\377\000D\000i\000s\000e\000\361\000o\000\040\000a\000\040\000c\000o\000r\000t\000a\000n\000t\000e}{subsection.13.2}% 65
\BOOKMARK [2][-]{subsection.13.3}{\376\377\000M\000o\000m\000e\000n\000t\000o\000s\000\040\000d\000e\000\040\000e\000m\000p\000o\000t\000r\000a\000m\000i\000e\000n\000t\000o}{section.13}% 66
