\BOOKMARK [1][-]{section.1}{\376\377\000D\000e\000s\000c\000r\000i\000p\000c\000i\000\363\000n\000\040\000d\000e\000l\000\040\000p\000r\000o\000y\000e\000c\000t\000o}{}% 1
\BOOKMARK [1][-]{section.2}{\376\377\000D\000e\000f\000i\000n\000i\000c\000i\000\363\000n\000\040\000d\000e\000\040\000l\000a\000\040\000c\000a\000r\000g\000a\000\040\000v\000i\000v\000a}{}% 2
\BOOKMARK [1][-]{section.3}{\376\377\000E\000v\000a\000l\000u\000a\000c\000i\000\363\000n\000\040\000d\000e\000\040\000l\000a\000s\000\040\000c\000a\000r\000g\000a\000s\000\040\000m\000u\000e\000r\000t\000a\000s}{}% 3
\BOOKMARK [2][-]{subsection.3.1}{\376\377\000E\000v\000a\000l\000u\000a\000c\000i\000\363\000n\000\040\000c\000a\000r\000g\000a\000\040\000m\000u\000e\000r\000t\000a\000\040\000p\000i\000s\000o\000\040\000t\000i\000p\000o}{section.3}% 4
\BOOKMARK [2][-]{subsection.3.2}{\376\377\000E\000v\000a\000l\000u\000a\000c\000i\000\363\000n\000\040\000c\000a\000r\000g\000a\000\040\000m\000u\000e\000r\000t\000a\000\040\000d\000e\000\040\000c\000u\000b\000i\000e\000r\000t\000a}{section.3}% 5
\BOOKMARK [2][-]{subsection.3.3}{\376\377\000E\000v\000a\000l\000u\000a\000c\000i\000\363\000n\000\040\000d\000e\000\040\000c\000a\000r\000g\000a\000s\000\040\000d\000e\000\040\000l\000a\000\040\000e\000s\000c\000a\000l\000e\000r\000a}{section.3}% 6
\BOOKMARK [2][-]{subsection.3.4}{\376\377\000E\000v\000a\000l\000u\000a\000c\000i\000\363\000n\000\040\000d\000e\000\040\000c\000a\000r\000g\000a\000s\000\040\000d\000e\000\040\000l\000a\000\040\000l\000o\000s\000a\000\040\000d\000e\000l\000\040\000a\000s\000c\000e\000n\000s\000o\000r}{section.3}% 7
\BOOKMARK [2][-]{subsection.3.5}{\376\377\000P\000e\000s\000o\000\040\000d\000e\000l\000\040\000p\000i\000s\000o\000\040\000t\000i\000p\000o}{section.3}% 8
\BOOKMARK [2][-]{subsection.3.6}{\376\377\000P\000e\000s\000o\000\040\000d\000e\000\040\000l\000a\000\040\000c\000u\000b\000i\000e\000r\000t\000a}{section.3}% 9
\BOOKMARK [2][-]{subsection.3.7}{\376\377\000R\000e\000s\000u\000m\000e\000n\000\040\000p\000e\000s\000o\000\040\000d\000e\000l\000\040\000e\000d\000i\000f\000i\000c\000i\000o\000\040\000p\000o\000r\000\040\000p\000i\000s\000o\000s\000\040\000y\000\040\000p\000e\000s\000o\000\040\000t\000o\000t\000a\000l}{section.3}% 10
\BOOKMARK [1][-]{section.4}{\376\377\000E\000v\000a\000l\000u\000a\000c\000i\000\363\000n\000\040\000d\000e\000\040\000f\000u\000e\000r\000z\000a\000s\000\040\000s\000\355\000s\000m\000i\000c\000a\000s}{}% 11
\BOOKMARK [2][-]{subsection.4.1}{\376\377\000A\000m\000e\000n\000a\000z\000a\000\040\000s\000\355\000s\000m\000i\000c\000a\000\040\000A\000a\000,\000\040\000A\000v}{section.4}% 12
\BOOKMARK [2][-]{subsection.4.2}{\376\377\000M\000i\000c\000r\000o\000\040\000Z\000o\000n\000i\000f\000i\000c\000a\000c\000i\000\363\000n\000\040\000S\000\355\000s\000m\000i\000c\000a\000\040\000d\000e\000\040\000B\000o\000g\000o\000t\000\341}{section.4}% 13
\BOOKMARK [2][-]{subsection.4.3}{\376\377\000G\000r\000u\000p\000o\000\040\000d\000e\000\040\000u\000s\000o\000.\000\040\000C\000o\000e\000f\000i\000c\000i\000e\000n\000t\000e\000\040\000d\000e\000\040\000i\000m\000p\000o\000r\000t\000a\000n\000c\000i\000a}{section.4}% 14
\BOOKMARK [2][-]{subsection.4.4}{\376\377\000P\000e\000r\000i\000o\000d\000o\000\040\000d\000e\000\040\000v\000i\000b\000r\000a\000c\000i\000\363\000n}{section.4}% 15
\BOOKMARK [2][-]{subsection.4.5}{\376\377\000E\000s\000p\000e\000c\000t\000r\000o\000\040\000d\000e\000\040\000d\000i\000s\000e\000\361\000o\000\040\000y\000\040\000S\000a}{section.4}% 16
\BOOKMARK [2][-]{subsection.4.6}{\376\377\000C\000o\000r\000t\000a\000n\000t\000e\000\040\000e\000n\000\040\000l\000a\000\040\000b\000a\000s\000e}{section.4}% 17
\BOOKMARK [2][-]{subsection.4.7}{\376\377\000D\000i\000s\000t\000r\000i\000b\000u\000c\000i\000\363\000n\000\040\000v\000e\000r\000t\000i\000c\000a\000l\000\040\000d\000e\000\040\000l\000a\000\040\000f\000u\000e\000r\000z\000a\000\040\000s\000\355\000s\000m\000i\000c\000a}{section.4}% 18
\BOOKMARK [2][-]{subsection.4.8}{\376\377\000T\000o\000r\000s\000i\000\363\000n\000\040\000a\000c\000c\000i\000d\000e\000n\000t\000a\000l}{section.4}% 19
\BOOKMARK [2][-]{subsection.4.9}{\376\377\000I\000r\000r\000e\000g\000u\000l\000a\000r\000i\000d\000a\000d\000e\000s\000\040\000e\000n\000\040\000p\000l\000a\000n\000t\000a\000,\000\040\000a\000l\000t\000u\000r\000a\000\040\000y\000\040\000p\000o\000r\000\040\000a\000u\000s\000e\000n\000c\000i\000a\000\040\000d\000e\000\040\000r\000e\000d\000u\000n\000d\000a\000n\000c\000i\000a}{section.4}% 20
\BOOKMARK [3][-]{subsubsection.4.9.1}{\376\377\000I\000r\000r\000e\000g\000u\000l\000a\000r\000i\000d\000a\000d\000e\000s\000\040\000e\000n\000\040\000p\000l\000a\000n\000t\000a}{subsection.4.9}% 21
\BOOKMARK [3][-]{subsubsection.4.9.2}{\376\377\000I\000r\000r\000e\000g\000u\000l\000a\000r\000i\000d\000a\000d\000e\000s\000\040\000e\000n\000\040\000l\000a\000\040\000a\000l\000t\000u\000r\000a}{subsection.4.9}% 22
\BOOKMARK [3][-]{subsubsection.4.9.3}{\376\377\000I\000r\000r\000e\000g\000u\000l\000a\000r\000i\000d\000a\000d\000e\000s\000\040\000p\000o\000r\000\040\000a\000u\000s\000e\000n\000c\000i\000a\000\040\000d\000e\000\040\000r\000e\000d\000u\000n\000d\000a\000n\000c\000i\000a}{subsection.4.9}% 23
\BOOKMARK [2][-]{subsection.4.10}{\376\377\000C\000o\000r\000t\000a\000n\000t\000e\000\040\000e\000n\000\040\000d\000o\000s\000\040\000d\000i\000r\000e\000c\000c\000i\000o\000n\000e\000s}{section.4}% 24
\BOOKMARK [2][-]{subsection.4.11}{\376\377\000C\000o\000r\000t\000a\000n\000t\000e\000\040\000c\000o\000m\000o\000\040\000v\000i\000g\000a}{section.4}% 25
\BOOKMARK [2][-]{subsection.4.12}{\376\377\000D\000i\000s\000e\000\361\000o\000\040\000a\000\040\000f\000l\000e\000x\000i\000\363\000n}{section.4}% 26
